<?xml version="1.0" encoding="UTF-8"?>
<testng-results skipped="0" failed="0" ignored="0" total="3" passed="3">
  <reporter-output>
  </reporter-output>
  <suite name="Default suite" duration-ms="81" started-at="2022-06-23T03:56:25Z" finished-at="2022-06-23T03:56:25Z">
    <groups>
    </groups>
    <test name="Default test" duration-ms="81" started-at="2022-06-23T03:56:25Z" finished-at="2022-06-23T03:56:25Z">
      <class name="org.test.Test1">
        <test-method status="PASS" signature="start()[pri:0, instance:org.test.Test1@1ed4004b]" name="start" is-config="true" duration-ms="20" started-at="2022-06-23T03:56:25Z" finished-at="2022-06-23T03:56:25Z">
          <reporter-output>
          </reporter-output>
        </test-method> <!-- start -->
        <test-method status="PASS" signature="open()[pri:0, instance:org.test.Test1@1ed4004b]" name="open" is-config="true" duration-ms="0" started-at="2022-06-23T03:56:25Z" finished-at="2022-06-23T03:56:25Z">
          <reporter-output>
          </reporter-output>
        </test-method> <!-- open -->
        <test-method status="PASS" signature="tc1()[pri:0, instance:org.test.Test1@1ed4004b]" name="tc1" duration-ms="7" started-at="2022-06-23T03:56:25Z" finished-at="2022-06-23T03:56:25Z">
          <reporter-output>
          </reporter-output>
        </test-method> <!-- tc1 -->
        <test-method status="PASS" signature="close()[pri:0, instance:org.test.Test1@1ed4004b]" name="close" is-config="true" duration-ms="1" started-at="2022-06-23T03:56:25Z" finished-at="2022-06-23T03:56:25Z">
          <reporter-output>
          </reporter-output>
        </test-method> <!-- close -->
        <test-method status="PASS" signature="open()[pri:0, instance:org.test.Test1@1ed4004b]" name="open" is-config="true" duration-ms="1" started-at="2022-06-23T03:56:25Z" finished-at="2022-06-23T03:56:25Z">
          <reporter-output>
          </reporter-output>
        </test-method> <!-- open -->
        <test-method status="PASS" signature="tc2()[pri:0, instance:org.test.Test1@1ed4004b]" name="tc2" duration-ms="1" started-at="2022-06-23T03:56:25Z" finished-at="2022-06-23T03:56:25Z">
          <reporter-output>
          </reporter-output>
        </test-method> <!-- tc2 -->
        <test-method status="PASS" signature="close()[pri:0, instance:org.test.Test1@1ed4004b]" name="close" is-config="true" duration-ms="0" started-at="2022-06-23T03:56:25Z" finished-at="2022-06-23T03:56:25Z">
          <reporter-output>
          </reporter-output>
        </test-method> <!-- close -->
        <test-method status="PASS" signature="open()[pri:0, instance:org.test.Test1@1ed4004b]" name="open" is-config="true" duration-ms="1" started-at="2022-06-23T03:56:25Z" finished-at="2022-06-23T03:56:25Z">
          <reporter-output>
          </reporter-output>
        </test-method> <!-- open -->
        <test-method status="PASS" signature="tc3()[pri:0, instance:org.test.Test1@1ed4004b]" name="tc3" duration-ms="1" started-at="2022-06-23T03:56:25Z" finished-at="2022-06-23T03:56:25Z">
          <reporter-output>
          </reporter-output>
        </test-method> <!-- tc3 -->
        <test-method status="PASS" signature="close()[pri:0, instance:org.test.Test1@1ed4004b]" name="close" is-config="true" duration-ms="0" started-at="2022-06-23T03:56:25Z" finished-at="2022-06-23T03:56:25Z">
          <reporter-output>
          </reporter-output>
        </test-method> <!-- close -->
        <test-method status="PASS" signature="end()[pri:0, instance:org.test.Test1@1ed4004b]" name="end" is-config="true" duration-ms="1" started-at="2022-06-23T03:56:25Z" finished-at="2022-06-23T03:56:25Z">
          <reporter-output>
          </reporter-output>
        </test-method> <!-- end -->
      </class> <!-- org.test.Test1 -->
    </test> <!-- Default test -->
  </suite> <!-- Default suite -->
</testng-results>
